<?xml version="1.0" encoding="UTF-8"?>
<testsuite name="RequestManagerTest" tests="7" skipped="0" failures="0" errors="0" timestamp="2019-06-09T21:31:55" hostname="Ares.local" time="0.02">
  <properties/>
  <testcase name="testEnqueueRequest" classname="RequestManagerTest" time="0.006"/>
  <testcase name="verifySystemOffByDefault" classname="RequestManagerTest" time="0.0"/>
  <testcase name="testEnqueueBeforeStartedProperly" classname="RequestManagerTest" time="0.0"/>
  <testcase name="testStartAlreadyStartedSystem" classname="RequestManagerTest" time="0.002"/>
  <testcase name="testDoubleEnqueueRequest" classname="RequestManagerTest" time="0.002"/>
  <testcase name="verifySystemStartedProperly" classname="RequestManagerTest" time="0.001"/>
  <testcase name="testDequeue" classname="RequestManagerTest" time="0.001"/>
  <system-out><![CDATA[Aircraft enqueued
Aircraft enqueued
Aircraft enqueued
Aircraft enqueued
Aircraft enqueued
model.Aircraft@3ba824a7
]]></system-out>
  <system-err><![CDATA[]]></system-err>
</testsuite>
