<?xml version="1.0" encoding="UTF-8"?>
<testsuite name="RequestTest" tests="3" skipped="0" failures="0" errors="0" timestamp="2019-06-10T06:39:57" hostname="Ares" time="0.003">
  <properties/>
  <testcase name="testStartRequestParamError" classname="RequestTest" time="0.002"/>
  <testcase name="testDequeueRequestParamError" classname="RequestTest" time="0.0"/>
  <testcase name="TestEnqueueParamError" classname="RequestTest" time="0.0"/>
  <system-out><![CDATA[]]></system-out>
  <system-err><![CDATA[]]></system-err>
</testsuite>
